<?xml version="1.0" encoding="UTF-8"?>
<!-- Generated by org.testng.reporters.JUnitXMLReporter -->
<testsuite ignored="0" hostname="DELL-PC" failures="0" tests="4" name="Default test" time="119.868" errors="0" timestamp="06 Mar 2021 15:33:59 GMT">
  <testcase classname="testcasespackage.OrangeHRMTests" name="loginTest" time="8.885"/>
  <testcase classname="testcasespackage.OrangeHRMTests" name="verifyLoginTitle" time="7.164"/>
  <testcase classname="testcasespackage.OrangeHRMTests" name="usersTest" time="10.104"/>
  <testcase classname="testcasespackage.OrangeHRMTests" name="LogoutTest" time="11.841"/>
</testsuite> <!-- Default test -->
