<?xml version="1.0" encoding="UTF-8"?>
<!-- Generated by org.testng.reporters.JUnitXMLReporter -->
<testsuite ignored="0" hostname="DELL-PC" failures="0" tests="4" name="Test" time="112.3" errors="0" timestamp="06 Mar 2021 17:01:51 GMT">
  <testcase classname="testcasespackage.OrangeHRMTests" name="loginTest" time="8.594"/>
  <testcase classname="testcasespackage.OrangeHRMTests" name="verifyLoginTitle" time="7.913"/>
  <testcase classname="testcasespackage.OrangeHRMTests" name="usersTest" time="11.36"/>
  <testcase classname="testcasespackage.OrangeHRMTests" name="LogoutTest" time="10.415"/>
</testsuite> <!-- Test -->
