<?xml version="1.0" encoding="UTF-8"?>
<!-- Generated by org.testng.reporters.JUnitXMLReporter -->
<testsuite ignored="0" hostname="DELL-PC" failures="0" tests="4" name="Test" time="230.44" errors="0" timestamp="10 Mar 2021 17:29:34 GMT">
  <testcase classname="testcasespackage.OrangeHRMTests" name="loginTest" time="14.19"/>
  <testcase classname="testcasespackage.OrangeHRMTests" name="verifyLoginTitle" time="16.104"/>
  <testcase classname="testcasespackage.OrangeHRMTests" name="usersTest" time="22.642"/>
  <testcase classname="testcasespackage.OrangeHRMTests" name="LogoutTest" time="16.781"/>
</testsuite> <!-- Test -->
